14:07:34.191 [main] INFO  - Goto my account-->Click on Login.. 
14:07:34.883 [main] INFO  - Entering email and password.. 
14:07:35.559 [main] INFO  - clicked on login button...
15:21:51.876 [main] INFO  - Goto my account-->Click on Login.. 
15:21:53.135 [main] INFO  - Entering email and password.. 
15:21:54.620 [main] INFO  - clicked on login button...
15:32:55.009 [main] INFO  - Goto my account-->Click on Login.. 
15:32:55.760 [main] INFO  - Entering email and password.. 
15:32:56.517 [main] INFO  - clicked on login button...
15:44:58.490 [main] INFO  - Goto my account-->Click on Login.. 
15:44:59.375 [main] INFO  - Entering email and password.. 
15:45:00.720 [main] INFO  - clicked on login button...
11:24:02.941 [pool-3-thread-1] INFO  - Goto my account-->Click on Login.. 
11:24:03.761 [pool-3-thread-1] INFO  - Entering email and password.. 
11:24:06.101 [pool-3-thread-1] INFO  - clicked on login button...
11:25:07.956 [main] INFO  - Goto my account-->Click on Login.. 
11:25:08.604 [main] INFO  - Entering email and password.. 
11:25:09.732 [main] INFO  - clicked on login button...
11:27:34.728 [main] INFO  - Goto my account-->Click on Login.. 
11:27:35.361 [main] INFO  - Entering email and password.. 
11:27:36.283 [main] INFO  - clicked on login button...
11:28:39.062 [pool-3-thread-1] INFO  - Goto my account-->Click on Login.. 
11:28:39.709 [pool-3-thread-1] INFO  - Entering email and password.. 
11:28:41.527 [pool-3-thread-1] INFO  - clicked on login button...
11:30:58.762 [main] INFO  - Goto my account-->Click on Login.. 
11:30:59.506 [main] INFO  - Entering email and password.. 
11:31:00.817 [main] INFO  - clicked on login button...
11:32:42.541 [main] INFO  - Goto my account-->Click on Login.. 
11:32:46.118 [main] INFO  - Entering email and password.. 
11:32:47.244 [main] INFO  - clicked on login button...
11:34:08.134 [main] INFO  - Goto my account-->Click on Login.. 
11:34:08.801 [main] INFO  - Entering email and password.. 
11:34:10.471 [main] INFO  - clicked on login button...
11:45:34.561 [main] INFO  - Goto my account-->Click on Login.. 
11:45:35.241 [main] INFO  - Entering email and password.. 
11:45:36.544 [main] INFO  - clicked on login button...
11:48:32.063 [main] INFO  - Goto my account-->Click on Login.. 
11:48:32.749 [main] INFO  - Entering email and password.. 
11:48:34.206 [main] INFO  - clicked on login button...
12:19:09.362 [main] INFO  - Goto my account-->Click on Login.. 
12:19:10.371 [main] INFO  - Entering email and password.. 
12:19:11.738 [main] INFO  - clicked on login button...
12:24:14.670 [main] INFO  - Goto my account-->Click on Login.. 
12:24:15.551 [main] INFO  - Entering email and password.. 
12:24:16.857 [main] INFO  - clicked on login button...
12:25:59.705 [main] INFO  - Goto my account-->Click on Login.. 
12:26:00.443 [main] INFO  - Entering email and password.. 
12:26:01.724 [main] INFO  - clicked on login button...
12:40:21.946 [main] INFO  - Goto my account-->Click on Login.. 
12:40:22.616 [main] INFO  - Entering email and password.. 
12:40:24.212 [main] INFO  - clicked on login button...
12:48:13.135 [main] INFO  - Goto my account-->Click on Login.. 
12:48:14.187 [main] INFO  - Entering email and password.. 
12:48:15.338 [main] INFO  - clicked on login button...
07:20:02.541 [main] INFO  - Goto my account-->Click on Login.. 
07:20:03.687 [main] INFO  - Entering email and password.. 
07:20:04.885 [main] INFO  - clicked on login button...
07:26:07.255 [main] INFO  - Goto my account-->Click on Login.. 
07:26:08.073 [main] INFO  - Entering email and password.. 
07:26:08.937 [main] INFO  - clicked on login button...
07:27:45.855 [main] INFO  - Goto my account-->Click on Login.. 
07:27:46.685 [main] INFO  - Entering email and password.. 
07:27:47.506 [main] INFO  - clicked on login button...
07:42:18.774 [main] INFO  - Goto my account-->Click on Login.. 
07:42:19.621 [main] INFO  - Entering email and password.. 
07:42:20.495 [main] INFO  - clicked on login button...
07:44:30.850 [main] INFO  - Goto my account-->Click on Login.. 
07:44:31.695 [main] INFO  - Entering email and password.. 
07:44:32.578 [main] INFO  - clicked on login button...
07:46:04.249 [main] INFO  - Goto my account-->Click on Login.. 
07:46:05.043 [main] INFO  - Entering email and password.. 
07:46:05.916 [main] INFO  - clicked on login button...
07:52:55.919 [main] INFO  - Goto my account-->Click on Login.. 
07:52:56.718 [main] INFO  - Entering email and password.. 
07:52:57.593 [main] INFO  - clicked on login button...
12:12:14.015 [main] INFO  - Goto my account-->Click on Login.. 
12:12:14.473 [main] INFO  - Entering email and password.. 
12:12:15.066 [main] INFO  - clicked on login button...
07:49:50.126 [main] INFO  - Goto my account-->Click on Login.. 
07:49:50.592 [main] INFO  - Entering email and password.. 
07:49:51.510 [main] INFO  - clicked on login button...
07:52:24.325 [main] INFO  - Goto my account-->Click on Login.. 
07:52:26.363 [main] INFO  - Entering email and password.. 
07:52:27.141 [main] INFO  - clicked on login button...
07:55:15.024 [main] INFO  - Goto my account-->Click on Login.. 
07:55:16.667 [main] INFO  - Entering email and password.. 
07:55:17.542 [main] INFO  - clicked on login button...
07:56:54.331 [main] INFO  - Goto my account-->Click on Login.. 
07:56:54.975 [main] INFO  - Entering email and password.. 
07:56:55.807 [main] INFO  - clicked on login button...
07:58:09.434 [main] INFO  - Goto my account-->Click on Login.. 
07:58:10.007 [main] INFO  - Entering email and password.. 
07:58:11.206 [main] INFO  - clicked on login button...
08:14:07.843 [main] INFO  - Goto my account-->Click on Login.. 
08:14:09.868 [main] INFO  - Entering email and password.. 
08:14:10.619 [main] INFO  - clicked on login button...
10:31:36.970 [main] INFO  - Goto my account-->Click on Login.. 
10:31:37.263 [main] DEBUG - Parsing relationship: /xl/_rels/workbook.xml.rels
10:31:37.266 [main] DEBUG - Parsing relationship: /xl/worksheets/_rels/sheet1.xml.rels
10:31:37.268 [main] DEBUG - Parsing relationship: /_rels/.rels
10:31:37.400 [main] TRACE - Loading type system org.apache.poi.schemas.ooxml.system.ooxml
10:31:37.402 [main] TRACE - Loading type system org.apache.xmlbeans.metadata.system.sXMLCONFIG
10:31:37.403 [main] TRACE - Loading type system org.apache.xmlbeans.metadata.system.sXMLLANG
10:31:37.403 [main] TRACE - Loading type system org.apache.xmlbeans.metadata.system.sXMLSCHEMA
10:31:37.403 [main] TRACE - Loading type system org.apache.xmlbeans.metadata.system.sXMLTOOLS
10:31:37.404 [main] TRACE - Reading unresolved handles for type system org.apache.xmlbeans.metadata.system.sXMLTOOLS
10:31:37.421 [main] TRACE - Finished loading type system org.apache.xmlbeans.metadata.system.sXMLTOOLS
10:31:37.421 [main] TRACE - Reading unresolved handles for type system org.apache.xmlbeans.metadata.system.sXMLSCHEMA
10:31:37.426 [main] TRACE - Finished loading type system org.apache.xmlbeans.metadata.system.sXMLSCHEMA
10:31:37.427 [main] TRACE - Reading unresolved handles for type system org.apache.xmlbeans.metadata.system.sXMLLANG
10:31:37.427 [main] TRACE - Finished loading type system org.apache.xmlbeans.metadata.system.sXMLLANG
10:31:37.427 [main] TRACE - Reading unresolved handles for type system org.apache.xmlbeans.metadata.system.sXMLCONFIG
10:31:37.428 [main] TRACE - Finished loading type system org.apache.xmlbeans.metadata.system.sXMLCONFIG
10:31:37.428 [main] TRACE - Reading unresolved handles for type system org.apache.poi.schemas.ooxml.system.ooxml
10:31:37.455 [main] TRACE - Finished loading type system org.apache.poi.schemas.ooxml.system.ooxml
10:31:37.456 [main] TRACE - Resolving type for handle themefd26doctype
10:31:37.504 [main] TRACE - Resolving type for handle stylesheet5d8bdoctype
10:31:37.507 [main] TRACE - Resolving type for handle ctstylesheet4257type
10:31:37.509 [main] TRACE - Resolving type for handle ctfonts6623type
10:31:37.514 [main] TRACE - Resolving type for handle ctfont14d8type
10:31:37.518 [main] TRACE - Resolving type for handle ctfills2c6ftype
10:31:37.520 [main] TRACE - Resolving type for handle ctfill550ctype
10:31:37.521 [main] TRACE - Resolving type for handle ctborders0d66type
10:31:37.523 [main] TRACE - Resolving type for handle ctborderf935type
10:31:37.524 [main] TRACE - Resolving type for handle ctcellxfs1322type
10:31:37.526 [main] TRACE - Resolving type for handle ctxf97f7type
10:31:37.529 [main] TRACE - Resolving type for handle ctcellstylexfsa81ftype
10:31:37.530 [main] TRACE - Resolving type for handle ctdxfsb26atype
10:31:37.532 [main] TRACE - Resolving type for handle cttablestyles872ftype
10:31:37.534 [main] TRACE - Resolving type for handle sstf81fdoctype
10:31:37.538 [main] TRACE - Resolving type for handle ctsst44f3type
10:31:37.545 [main] TRACE - Resolving type for handle ctrsta472type
10:31:37.560 [main] DEBUG - using default POIXMLDocumentPart for http://schemas.openxmlformats.org/officeDocument/2006/relationships/printerSettings
10:31:37.562 [main] TRACE - Resolving type for handle workbookec17doctype
10:31:37.567 [main] TRACE - Resolving type for handle ctworkbook83c3type
10:31:37.570 [main] TRACE - Resolving type for handle ctsheets49fdtype
10:31:37.571 [main] TRACE - Resolving type for handle ctsheet4dbetype
10:31:37.573 [main] TRACE - Resolving type for handle strelationshipid1e94type
10:31:37.574 [main] TRACE - Resolving type for handle worksheetf539doctype
10:31:37.577 [main] TRACE - Resolving type for handle ctworksheet530dtype
10:31:37.587 [main] TRACE - Resolving type for handle ctsheetdata8408type
10:31:37.588 [main] TRACE - Resolving type for handle ctrowdd39type
10:31:37.591 [main] TRACE - Resolving type for handle ctcell842btype
10:31:37.595 [main] TRACE - Resolving type for handle stcellrefe4e0type
10:31:37.600 [main] TRACE - Resolving type for handle ctcols627ctype
10:31:37.603 [main] TRACE - Resolving type for handle ctcola95ftype
10:31:37.613 [main] TRACE - Resolving type for handle cthyperlinks6416type
10:31:37.615 [main] TRACE - Resolving type for handle cthyperlink0c85type
10:31:37.628 [main] TRACE - Resolving type for handle stxstringf179type
10:31:37.630 [main] TRACE - Resolving type for handle stcelltypebf95type
10:31:39.758 [main] INFO  - Goto my account-->Click on Login.. 
10:31:39.988 [main] DEBUG - Parsing relationship: /xl/_rels/workbook.xml.rels
10:31:39.989 [main] DEBUG - Parsing relationship: /xl/worksheets/_rels/sheet1.xml.rels
10:31:39.990 [main] DEBUG - Parsing relationship: /_rels/.rels
10:31:40.000 [main] DEBUG - using default POIXMLDocumentPart for http://schemas.openxmlformats.org/officeDocument/2006/relationships/printerSettings
10:31:52.585 [main] INFO  - Goto my account-->Click on Login.. 
10:31:53.003 [main] DEBUG - Parsing relationship: /xl/_rels/workbook.xml.rels
10:31:53.004 [main] DEBUG - Parsing relationship: /xl/worksheets/_rels/sheet1.xml.rels
10:31:53.005 [main] DEBUG - Parsing relationship: /_rels/.rels
10:31:53.012 [main] DEBUG - using default POIXMLDocumentPart for http://schemas.openxmlformats.org/officeDocument/2006/relationships/printerSettings
11:47:58.063 [main] INFO  - Goto my account-->Click on Login.. 
11:47:58.377 [main] DEBUG - Parsing relationship: /xl/_rels/workbook.xml.rels
11:47:58.383 [main] DEBUG - Parsing relationship: /xl/worksheets/_rels/sheet1.xml.rels
11:47:58.387 [main] DEBUG - Parsing relationship: /_rels/.rels
11:47:58.490 [main] TRACE - Loading type system org.apache.poi.schemas.ooxml.system.ooxml
11:47:58.492 [main] TRACE - Loading type system org.apache.xmlbeans.metadata.system.sXMLCONFIG
11:47:58.492 [main] TRACE - Loading type system org.apache.xmlbeans.metadata.system.sXMLLANG
11:47:58.492 [main] TRACE - Loading type system org.apache.xmlbeans.metadata.system.sXMLSCHEMA
11:47:58.493 [main] TRACE - Loading type system org.apache.xmlbeans.metadata.system.sXMLTOOLS
11:47:58.493 [main] TRACE - Reading unresolved handles for type system org.apache.xmlbeans.metadata.system.sXMLTOOLS
11:47:58.499 [main] TRACE - Finished loading type system org.apache.xmlbeans.metadata.system.sXMLTOOLS
11:47:58.500 [main] TRACE - Reading unresolved handles for type system org.apache.xmlbeans.metadata.system.sXMLSCHEMA
11:47:58.503 [main] TRACE - Finished loading type system org.apache.xmlbeans.metadata.system.sXMLSCHEMA
11:47:58.503 [main] TRACE - Reading unresolved handles for type system org.apache.xmlbeans.metadata.system.sXMLLANG
11:47:58.504 [main] TRACE - Finished loading type system org.apache.xmlbeans.metadata.system.sXMLLANG
11:47:58.504 [main] TRACE - Reading unresolved handles for type system org.apache.xmlbeans.metadata.system.sXMLCONFIG
11:47:58.504 [main] TRACE - Finished loading type system org.apache.xmlbeans.metadata.system.sXMLCONFIG
11:47:58.505 [main] TRACE - Reading unresolved handles for type system org.apache.poi.schemas.ooxml.system.ooxml
11:47:58.531 [main] TRACE - Finished loading type system org.apache.poi.schemas.ooxml.system.ooxml
11:47:58.531 [main] TRACE - Resolving type for handle themefd26doctype
11:47:58.562 [main] TRACE - Resolving type for handle stylesheet5d8bdoctype
11:47:58.565 [main] TRACE - Resolving type for handle ctstylesheet4257type
11:47:58.567 [main] TRACE - Resolving type for handle ctfonts6623type
11:47:58.569 [main] TRACE - Resolving type for handle ctfont14d8type
11:47:58.572 [main] TRACE - Resolving type for handle ctfills2c6ftype
11:47:58.573 [main] TRACE - Resolving type for handle ctfill550ctype
11:47:58.574 [main] TRACE - Resolving type for handle ctborders0d66type
11:47:58.575 [main] TRACE - Resolving type for handle ctborderf935type
11:47:58.576 [main] TRACE - Resolving type for handle ctcellxfs1322type
11:47:58.578 [main] TRACE - Resolving type for handle ctxf97f7type
11:47:58.579 [main] TRACE - Resolving type for handle ctcellstylexfsa81ftype
11:47:58.580 [main] TRACE - Resolving type for handle ctdxfsb26atype
11:47:58.581 [main] TRACE - Resolving type for handle cttablestyles872ftype
11:47:58.583 [main] TRACE - Resolving type for handle sstf81fdoctype
11:47:58.585 [main] TRACE - Resolving type for handle ctsst44f3type
11:47:58.589 [main] TRACE - Resolving type for handle ctrsta472type
11:47:58.599 [main] DEBUG - using default POIXMLDocumentPart for http://schemas.openxmlformats.org/officeDocument/2006/relationships/printerSettings
11:47:58.599 [main] TRACE - Resolving type for handle workbookec17doctype
11:47:58.602 [main] TRACE - Resolving type for handle ctworkbook83c3type
11:47:58.604 [main] TRACE - Resolving type for handle ctsheets49fdtype
11:47:58.605 [main] TRACE - Resolving type for handle ctsheet4dbetype
11:47:58.607 [main] TRACE - Resolving type for handle strelationshipid1e94type
11:47:58.608 [main] TRACE - Resolving type for handle worksheetf539doctype
11:47:58.612 [main] TRACE - Resolving type for handle ctworksheet530dtype
11:47:58.616 [main] TRACE - Resolving type for handle ctsheetdata8408type
11:47:58.617 [main] TRACE - Resolving type for handle ctrowdd39type
11:47:58.620 [main] TRACE - Resolving type for handle ctcell842btype
11:47:58.625 [main] TRACE - Resolving type for handle stcellrefe4e0type
11:47:58.631 [main] TRACE - Resolving type for handle ctcols627ctype
11:47:58.634 [main] TRACE - Resolving type for handle ctcola95ftype
11:47:58.641 [main] TRACE - Resolving type for handle cthyperlinks6416type
11:47:58.642 [main] TRACE - Resolving type for handle cthyperlink0c85type
11:47:58.646 [main] TRACE - Resolving type for handle stxstringf179type
11:47:58.647 [main] TRACE - Resolving type for handle stcelltypebf95type
11:48:00.606 [main] INFO  - Goto my account-->Click on Login.. 
11:48:00.968 [main] DEBUG - Parsing relationship: /xl/_rels/workbook.xml.rels
11:48:00.969 [main] DEBUG - Parsing relationship: /xl/worksheets/_rels/sheet1.xml.rels
11:48:00.970 [main] DEBUG - Parsing relationship: /_rels/.rels
11:48:00.983 [main] DEBUG - using default POIXMLDocumentPart for http://schemas.openxmlformats.org/officeDocument/2006/relationships/printerSettings
11:48:13.244 [main] INFO  - Goto my account-->Click on Login.. 
11:48:13.626 [main] DEBUG - Parsing relationship: /xl/_rels/workbook.xml.rels
11:48:13.627 [main] DEBUG - Parsing relationship: /xl/worksheets/_rels/sheet1.xml.rels
11:48:13.627 [main] DEBUG - Parsing relationship: /_rels/.rels
11:48:13.636 [main] DEBUG - using default POIXMLDocumentPart for http://schemas.openxmlformats.org/officeDocument/2006/relationships/printerSettings
11:50:17.045 [main] INFO  - Goto my account-->Click on Login.. 
11:50:17.299 [main] DEBUG - Parsing relationship: /xl/_rels/workbook.xml.rels
11:50:17.300 [main] DEBUG - Parsing relationship: /xl/worksheets/_rels/sheet1.xml.rels
11:50:17.301 [main] DEBUG - Parsing relationship: /_rels/.rels
11:50:17.385 [main] TRACE - Loading type system org.apache.poi.schemas.ooxml.system.ooxml
11:50:17.386 [main] TRACE - Loading type system org.apache.xmlbeans.metadata.system.sXMLCONFIG
11:50:17.387 [main] TRACE - Loading type system org.apache.xmlbeans.metadata.system.sXMLLANG
11:50:17.387 [main] TRACE - Loading type system org.apache.xmlbeans.metadata.system.sXMLSCHEMA
11:50:17.387 [main] TRACE - Loading type system org.apache.xmlbeans.metadata.system.sXMLTOOLS
11:50:17.388 [main] TRACE - Reading unresolved handles for type system org.apache.xmlbeans.metadata.system.sXMLTOOLS
11:50:17.393 [main] TRACE - Finished loading type system org.apache.xmlbeans.metadata.system.sXMLTOOLS
11:50:17.394 [main] TRACE - Reading unresolved handles for type system org.apache.xmlbeans.metadata.system.sXMLSCHEMA
11:50:17.396 [main] TRACE - Finished loading type system org.apache.xmlbeans.metadata.system.sXMLSCHEMA
11:50:17.396 [main] TRACE - Reading unresolved handles for type system org.apache.xmlbeans.metadata.system.sXMLLANG
11:50:17.397 [main] TRACE - Finished loading type system org.apache.xmlbeans.metadata.system.sXMLLANG
11:50:17.397 [main] TRACE - Reading unresolved handles for type system org.apache.xmlbeans.metadata.system.sXMLCONFIG
11:50:17.397 [main] TRACE - Finished loading type system org.apache.xmlbeans.metadata.system.sXMLCONFIG
11:50:17.398 [main] TRACE - Reading unresolved handles for type system org.apache.poi.schemas.ooxml.system.ooxml
11:50:17.423 [main] TRACE - Finished loading type system org.apache.poi.schemas.ooxml.system.ooxml
11:50:17.424 [main] TRACE - Resolving type for handle themefd26doctype
11:50:17.456 [main] TRACE - Resolving type for handle stylesheet5d8bdoctype
11:50:17.460 [main] TRACE - Resolving type for handle ctstylesheet4257type
11:50:17.465 [main] TRACE - Resolving type for handle ctfonts6623type
11:50:17.466 [main] TRACE - Resolving type for handle ctfont14d8type
11:50:17.469 [main] TRACE - Resolving type for handle ctfills2c6ftype
11:50:17.470 [main] TRACE - Resolving type for handle ctfill550ctype
11:50:17.471 [main] TRACE - Resolving type for handle ctborders0d66type
11:50:17.472 [main] TRACE - Resolving type for handle ctborderf935type
11:50:17.474 [main] TRACE - Resolving type for handle ctcellxfs1322type
11:50:17.476 [main] TRACE - Resolving type for handle ctxf97f7type
11:50:17.479 [main] TRACE - Resolving type for handle ctcellstylexfsa81ftype
11:50:17.479 [main] TRACE - Resolving type for handle ctdxfsb26atype
11:50:17.480 [main] TRACE - Resolving type for handle cttablestyles872ftype
11:50:17.482 [main] TRACE - Resolving type for handle sstf81fdoctype
11:50:17.484 [main] TRACE - Resolving type for handle ctsst44f3type
11:50:17.491 [main] TRACE - Resolving type for handle ctrsta472type
11:50:17.501 [main] DEBUG - using default POIXMLDocumentPart for http://schemas.openxmlformats.org/officeDocument/2006/relationships/printerSettings
11:50:17.501 [main] TRACE - Resolving type for handle workbookec17doctype
11:50:17.504 [main] TRACE - Resolving type for handle ctworkbook83c3type
11:50:17.506 [main] TRACE - Resolving type for handle ctsheets49fdtype
11:50:17.507 [main] TRACE - Resolving type for handle ctsheet4dbetype
11:50:17.509 [main] TRACE - Resolving type for handle strelationshipid1e94type
11:50:17.510 [main] TRACE - Resolving type for handle worksheetf539doctype
11:50:17.515 [main] TRACE - Resolving type for handle ctworksheet530dtype
11:50:17.518 [main] TRACE - Resolving type for handle ctsheetdata8408type
11:50:17.520 [main] TRACE - Resolving type for handle ctrowdd39type
11:50:17.523 [main] TRACE - Resolving type for handle ctcell842btype
11:50:17.529 [main] TRACE - Resolving type for handle stcellrefe4e0type
11:50:17.535 [main] TRACE - Resolving type for handle ctcols627ctype
11:50:17.538 [main] TRACE - Resolving type for handle ctcola95ftype
11:50:17.548 [main] TRACE - Resolving type for handle cthyperlinks6416type
11:50:17.550 [main] TRACE - Resolving type for handle cthyperlink0c85type
11:50:17.558 [main] TRACE - Resolving type for handle stxstringf179type
11:50:17.561 [main] TRACE - Resolving type for handle stcelltypebf95type
11:50:19.603 [main] INFO  - Goto my account-->Click on Login.. 
11:50:19.986 [main] DEBUG - Parsing relationship: /xl/_rels/workbook.xml.rels
11:50:19.987 [main] DEBUG - Parsing relationship: /xl/worksheets/_rels/sheet1.xml.rels
11:50:19.988 [main] DEBUG - Parsing relationship: /_rels/.rels
11:50:19.999 [main] DEBUG - using default POIXMLDocumentPart for http://schemas.openxmlformats.org/officeDocument/2006/relationships/printerSettings
11:50:32.083 [main] INFO  - Goto my account-->Click on Login.. 
11:50:32.463 [main] DEBUG - Parsing relationship: /xl/_rels/workbook.xml.rels
11:50:32.464 [main] DEBUG - Parsing relationship: /xl/worksheets/_rels/sheet1.xml.rels
11:50:32.464 [main] DEBUG - Parsing relationship: /_rels/.rels
11:50:32.469 [main] DEBUG - using default POIXMLDocumentPart for http://schemas.openxmlformats.org/officeDocument/2006/relationships/printerSettings
11:51:24.350 [main] INFO  - Goto my account-->Click on Login.. 
11:51:24.600 [main] DEBUG - Parsing relationship: /xl/_rels/workbook.xml.rels
11:51:24.601 [main] DEBUG - Parsing relationship: /xl/worksheets/_rels/sheet1.xml.rels
11:51:24.603 [main] DEBUG - Parsing relationship: /_rels/.rels
11:51:24.684 [main] TRACE - Loading type system org.apache.poi.schemas.ooxml.system.ooxml
11:51:24.685 [main] TRACE - Loading type system org.apache.xmlbeans.metadata.system.sXMLCONFIG
11:51:24.685 [main] TRACE - Loading type system org.apache.xmlbeans.metadata.system.sXMLLANG
11:51:24.685 [main] TRACE - Loading type system org.apache.xmlbeans.metadata.system.sXMLSCHEMA
11:51:24.686 [main] TRACE - Loading type system org.apache.xmlbeans.metadata.system.sXMLTOOLS
11:51:24.686 [main] TRACE - Reading unresolved handles for type system org.apache.xmlbeans.metadata.system.sXMLTOOLS
11:51:24.692 [main] TRACE - Finished loading type system org.apache.xmlbeans.metadata.system.sXMLTOOLS
11:51:24.693 [main] TRACE - Reading unresolved handles for type system org.apache.xmlbeans.metadata.system.sXMLSCHEMA
11:51:24.695 [main] TRACE - Finished loading type system org.apache.xmlbeans.metadata.system.sXMLSCHEMA
11:51:24.696 [main] TRACE - Reading unresolved handles for type system org.apache.xmlbeans.metadata.system.sXMLLANG
11:51:24.696 [main] TRACE - Finished loading type system org.apache.xmlbeans.metadata.system.sXMLLANG
11:51:24.696 [main] TRACE - Reading unresolved handles for type system org.apache.xmlbeans.metadata.system.sXMLCONFIG
11:51:24.697 [main] TRACE - Finished loading type system org.apache.xmlbeans.metadata.system.sXMLCONFIG
11:51:24.697 [main] TRACE - Reading unresolved handles for type system org.apache.poi.schemas.ooxml.system.ooxml
11:51:24.721 [main] TRACE - Finished loading type system org.apache.poi.schemas.ooxml.system.ooxml
11:51:24.722 [main] TRACE - Resolving type for handle themefd26doctype
11:51:24.752 [main] TRACE - Resolving type for handle stylesheet5d8bdoctype
11:51:24.756 [main] TRACE - Resolving type for handle ctstylesheet4257type
11:51:24.758 [main] TRACE - Resolving type for handle ctfonts6623type
11:51:24.759 [main] TRACE - Resolving type for handle ctfont14d8type
11:51:24.762 [main] TRACE - Resolving type for handle ctfills2c6ftype
11:51:24.763 [main] TRACE - Resolving type for handle ctfill550ctype
11:51:24.764 [main] TRACE - Resolving type for handle ctborders0d66type
11:51:24.765 [main] TRACE - Resolving type for handle ctborderf935type
11:51:24.766 [main] TRACE - Resolving type for handle ctcellxfs1322type
11:51:24.768 [main] TRACE - Resolving type for handle ctxf97f7type
11:51:24.769 [main] TRACE - Resolving type for handle ctcellstylexfsa81ftype
11:51:24.770 [main] TRACE - Resolving type for handle ctdxfsb26atype
11:51:24.771 [main] TRACE - Resolving type for handle cttablestyles872ftype
11:51:24.773 [main] TRACE - Resolving type for handle sstf81fdoctype
11:51:24.775 [main] TRACE - Resolving type for handle ctsst44f3type
11:51:24.779 [main] TRACE - Resolving type for handle ctrsta472type
11:51:24.789 [main] DEBUG - using default POIXMLDocumentPart for http://schemas.openxmlformats.org/officeDocument/2006/relationships/printerSettings
11:51:24.789 [main] TRACE - Resolving type for handle workbookec17doctype
11:51:24.791 [main] TRACE - Resolving type for handle ctworkbook83c3type
11:51:24.793 [main] TRACE - Resolving type for handle ctsheets49fdtype
11:51:24.794 [main] TRACE - Resolving type for handle ctsheet4dbetype
11:51:24.795 [main] TRACE - Resolving type for handle strelationshipid1e94type
11:51:24.796 [main] TRACE - Resolving type for handle worksheetf539doctype
11:51:24.799 [main] TRACE - Resolving type for handle ctworksheet530dtype
11:51:24.801 [main] TRACE - Resolving type for handle ctsheetdata8408type
11:51:24.802 [main] TRACE - Resolving type for handle ctrowdd39type
11:51:24.804 [main] TRACE - Resolving type for handle ctcell842btype
11:51:24.807 [main] TRACE - Resolving type for handle stcellrefe4e0type
11:51:24.811 [main] TRACE - Resolving type for handle ctcols627ctype
11:51:24.813 [main] TRACE - Resolving type for handle ctcola95ftype
11:51:24.820 [main] TRACE - Resolving type for handle cthyperlinks6416type
11:51:24.822 [main] TRACE - Resolving type for handle cthyperlink0c85type
11:51:24.824 [main] TRACE - Resolving type for handle stxstringf179type
11:51:24.825 [main] TRACE - Resolving type for handle stcelltypebf95type
11:51:26.927 [main] INFO  - Goto my account-->Click on Login.. 
11:51:27.121 [main] DEBUG - Parsing relationship: /xl/_rels/workbook.xml.rels
11:51:27.121 [main] DEBUG - Parsing relationship: /xl/worksheets/_rels/sheet1.xml.rels
11:51:27.122 [main] DEBUG - Parsing relationship: /_rels/.rels
11:51:27.131 [main] DEBUG - using default POIXMLDocumentPart for http://schemas.openxmlformats.org/officeDocument/2006/relationships/printerSettings
11:51:39.538 [main] INFO  - Goto my account-->Click on Login.. 
11:51:39.929 [main] DEBUG - Parsing relationship: /xl/_rels/workbook.xml.rels
11:51:39.930 [main] DEBUG - Parsing relationship: /xl/worksheets/_rels/sheet1.xml.rels
11:51:39.931 [main] DEBUG - Parsing relationship: /_rels/.rels
11:51:39.938 [main] DEBUG - using default POIXMLDocumentPart for http://schemas.openxmlformats.org/officeDocument/2006/relationships/printerSettings
11:51:51.927 [main] INFO  - Goto my account-->Click on Login.. 
11:51:52.275 [main] DEBUG - Parsing relationship: /xl/_rels/workbook.xml.rels
11:51:52.276 [main] DEBUG - Parsing relationship: /xl/worksheets/_rels/sheet1.xml.rels
11:51:52.276 [main] DEBUG - Parsing relationship: /_rels/.rels
11:51:52.282 [main] DEBUG - using default POIXMLDocumentPart for http://schemas.openxmlformats.org/officeDocument/2006/relationships/printerSettings
11:52:04.417 [main] INFO  - Goto my account-->Click on Login.. 
11:52:04.594 [main] DEBUG - Parsing relationship: /xl/_rels/workbook.xml.rels
11:52:04.594 [main] DEBUG - Parsing relationship: /xl/worksheets/_rels/sheet1.xml.rels
11:52:04.595 [main] DEBUG - Parsing relationship: /_rels/.rels
11:52:04.599 [main] DEBUG - using default POIXMLDocumentPart for http://schemas.openxmlformats.org/officeDocument/2006/relationships/printerSettings
11:54:51.671 [main] INFO  - Goto my account-->Click on Login.. 
11:54:51.909 [main] DEBUG - Parsing relationship: /xl/_rels/workbook.xml.rels
11:54:51.911 [main] DEBUG - Parsing relationship: /xl/worksheets/_rels/sheet1.xml.rels
11:54:51.912 [main] DEBUG - Parsing relationship: /_rels/.rels
11:54:51.997 [main] TRACE - Loading type system org.apache.poi.schemas.ooxml.system.ooxml
11:54:51.999 [main] TRACE - Loading type system org.apache.xmlbeans.metadata.system.sXMLCONFIG
11:54:51.999 [main] TRACE - Loading type system org.apache.xmlbeans.metadata.system.sXMLLANG
11:54:51.999 [main] TRACE - Loading type system org.apache.xmlbeans.metadata.system.sXMLSCHEMA
11:54:52.000 [main] TRACE - Loading type system org.apache.xmlbeans.metadata.system.sXMLTOOLS
11:54:52.000 [main] TRACE - Reading unresolved handles for type system org.apache.xmlbeans.metadata.system.sXMLTOOLS
11:54:52.007 [main] TRACE - Finished loading type system org.apache.xmlbeans.metadata.system.sXMLTOOLS
11:54:52.007 [main] TRACE - Reading unresolved handles for type system org.apache.xmlbeans.metadata.system.sXMLSCHEMA
11:54:52.010 [main] TRACE - Finished loading type system org.apache.xmlbeans.metadata.system.sXMLSCHEMA
11:54:52.011 [main] TRACE - Reading unresolved handles for type system org.apache.xmlbeans.metadata.system.sXMLLANG
11:54:52.011 [main] TRACE - Finished loading type system org.apache.xmlbeans.metadata.system.sXMLLANG
11:54:52.011 [main] TRACE - Reading unresolved handles for type system org.apache.xmlbeans.metadata.system.sXMLCONFIG
11:54:52.012 [main] TRACE - Finished loading type system org.apache.xmlbeans.metadata.system.sXMLCONFIG
11:54:52.012 [main] TRACE - Reading unresolved handles for type system org.apache.poi.schemas.ooxml.system.ooxml
11:54:52.039 [main] TRACE - Finished loading type system org.apache.poi.schemas.ooxml.system.ooxml
11:54:52.039 [main] TRACE - Resolving type for handle themefd26doctype
11:54:52.069 [main] TRACE - Resolving type for handle stylesheet5d8bdoctype
11:54:52.073 [main] TRACE - Resolving type for handle ctstylesheet4257type
11:54:52.075 [main] TRACE - Resolving type for handle ctfonts6623type
11:54:52.076 [main] TRACE - Resolving type for handle ctfont14d8type
11:54:52.079 [main] TRACE - Resolving type for handle ctfills2c6ftype
11:54:52.079 [main] TRACE - Resolving type for handle ctfill550ctype
11:54:52.080 [main] TRACE - Resolving type for handle ctborders0d66type
11:54:52.081 [main] TRACE - Resolving type for handle ctborderf935type
11:54:52.083 [main] TRACE - Resolving type for handle ctcellxfs1322type
11:54:52.084 [main] TRACE - Resolving type for handle ctxf97f7type
11:54:52.086 [main] TRACE - Resolving type for handle ctcellstylexfsa81ftype
11:54:52.087 [main] TRACE - Resolving type for handle ctdxfsb26atype
11:54:52.088 [main] TRACE - Resolving type for handle cttablestyles872ftype
11:54:52.089 [main] TRACE - Resolving type for handle sstf81fdoctype
11:54:52.091 [main] TRACE - Resolving type for handle ctsst44f3type
11:54:52.096 [main] TRACE - Resolving type for handle ctrsta472type
11:54:52.105 [main] DEBUG - using default POIXMLDocumentPart for http://schemas.openxmlformats.org/officeDocument/2006/relationships/printerSettings
11:54:52.105 [main] TRACE - Resolving type for handle workbookec17doctype
11:54:52.107 [main] TRACE - Resolving type for handle ctworkbook83c3type
11:54:52.109 [main] TRACE - Resolving type for handle ctsheets49fdtype
11:54:52.110 [main] TRACE - Resolving type for handle ctsheet4dbetype
11:54:52.111 [main] TRACE - Resolving type for handle strelationshipid1e94type
11:54:52.112 [main] TRACE - Resolving type for handle worksheetf539doctype
11:54:52.115 [main] TRACE - Resolving type for handle ctworksheet530dtype
11:54:52.118 [main] TRACE - Resolving type for handle ctsheetdata8408type
11:54:52.119 [main] TRACE - Resolving type for handle ctrowdd39type
11:54:52.121 [main] TRACE - Resolving type for handle ctcell842btype
11:54:52.126 [main] TRACE - Resolving type for handle stcellrefe4e0type
11:54:52.130 [main] TRACE - Resolving type for handle ctcols627ctype
11:54:52.133 [main] TRACE - Resolving type for handle ctcola95ftype
11:54:52.141 [main] TRACE - Resolving type for handle cthyperlinks6416type
11:54:52.143 [main] TRACE - Resolving type for handle cthyperlink0c85type
11:54:52.145 [main] TRACE - Resolving type for handle stxstringf179type
11:54:52.146 [main] TRACE - Resolving type for handle stcelltypebf95type
11:54:54.228 [main] INFO  - Goto my account-->Click on Login.. 
11:54:54.617 [main] DEBUG - Parsing relationship: /xl/_rels/workbook.xml.rels
11:54:54.618 [main] DEBUG - Parsing relationship: /xl/worksheets/_rels/sheet1.xml.rels
11:54:54.620 [main] DEBUG - Parsing relationship: /_rels/.rels
11:54:54.633 [main] DEBUG - using default POIXMLDocumentPart for http://schemas.openxmlformats.org/officeDocument/2006/relationships/printerSettings
11:55:07.061 [main] INFO  - Goto my account-->Click on Login.. 
11:55:07.424 [main] DEBUG - Parsing relationship: /xl/_rels/workbook.xml.rels
11:55:07.425 [main] DEBUG - Parsing relationship: /xl/worksheets/_rels/sheet1.xml.rels
11:55:07.426 [main] DEBUG - Parsing relationship: /_rels/.rels
11:55:07.435 [main] DEBUG - using default POIXMLDocumentPart for http://schemas.openxmlformats.org/officeDocument/2006/relationships/printerSettings
11:55:19.470 [main] INFO  - Goto my account-->Click on Login.. 
11:55:19.642 [main] DEBUG - Parsing relationship: /xl/_rels/workbook.xml.rels
11:55:19.643 [main] DEBUG - Parsing relationship: /xl/worksheets/_rels/sheet1.xml.rels
11:55:19.643 [main] DEBUG - Parsing relationship: /_rels/.rels
11:55:19.649 [main] DEBUG - using default POIXMLDocumentPart for http://schemas.openxmlformats.org/officeDocument/2006/relationships/printerSettings
11:55:31.684 [main] INFO  - Goto my account-->Click on Login.. 
11:55:32.074 [main] DEBUG - Parsing relationship: /xl/_rels/workbook.xml.rels
11:55:32.074 [main] DEBUG - Parsing relationship: /xl/worksheets/_rels/sheet1.xml.rels
11:55:32.075 [main] DEBUG - Parsing relationship: /_rels/.rels
11:55:32.087 [main] DEBUG - using default POIXMLDocumentPart for http://schemas.openxmlformats.org/officeDocument/2006/relationships/printerSettings
12:07:53.206 [main] INFO  - Goto my account-->Click on Login.. 
12:07:53.464 [main] INFO  - Entering email and password.. 
12:07:53.809 [main] INFO  - clicked on login button...
12:09:15.685 [main] INFO  - Goto my account-->Click on Login.. 
12:09:15.862 [main] INFO  - Entering email and password.. 
12:09:16.185 [main] INFO  - clicked on login button...
12:21:47.496 [main] INFO  - Goto my account-->Click on Login.. 
12:21:47.711 [main] INFO  - Entering email and password.. 
12:21:48.027 [main] INFO  - clicked on login button...
12:22:19.712 [main] INFO  - Goto my account-->Click on Login.. 
12:22:19.912 [main] INFO  - Entering email and password.. 
12:22:20.203 [main] INFO  - clicked on login button...
12:25:45.444 [pool-3-thread-2] INFO  - Goto my account-->Click on Login.. 
12:25:45.657 [pool-3-thread-2] INFO  - Entering email and password.. 
12:28:27.502 [pool-3-thread-2] INFO  - Goto my account-->Click on Login.. 
12:28:27.770 [pool-3-thread-2] INFO  - Entering email and password.. 
12:46:53.984 [pool-3-thread-1] INFO  - Goto my account-->Click on Login.. 
12:46:54.200 [pool-3-thread-1] INFO  - Entering email and password.. 
12:49:38.620 [pool-3-thread-1] INFO  - Goto my account-->Click on Login.. 
12:49:38.839 [pool-3-thread-1] INFO  - Entering email and password.. 
12:52:01.593 [pool-3-thread-1] INFO  - Goto my account-->Click on Login.. 
12:52:01.788 [pool-3-thread-1] INFO  - Entering email and password.. 
12:52:57.949 [pool-3-thread-2] INFO  - Goto my account-->Click on Login.. 
12:52:58.249 [pool-3-thread-2] DEBUG - Parsing relationship: /xl/_rels/workbook.xml.rels
12:52:58.250 [pool-3-thread-2] DEBUG - Parsing relationship: /xl/worksheets/_rels/sheet1.xml.rels
12:52:58.252 [pool-3-thread-2] DEBUG - Parsing relationship: /_rels/.rels
12:52:58.340 [pool-3-thread-2] TRACE - Loading type system org.apache.poi.schemas.ooxml.system.ooxml
12:52:58.341 [pool-3-thread-2] TRACE - Loading type system org.apache.xmlbeans.metadata.system.sXMLCONFIG
12:52:58.342 [pool-3-thread-2] TRACE - Loading type system org.apache.xmlbeans.metadata.system.sXMLLANG
12:52:58.342 [pool-3-thread-2] TRACE - Loading type system org.apache.xmlbeans.metadata.system.sXMLSCHEMA
12:52:58.342 [pool-3-thread-2] TRACE - Loading type system org.apache.xmlbeans.metadata.system.sXMLTOOLS
12:52:58.343 [pool-3-thread-2] TRACE - Reading unresolved handles for type system org.apache.xmlbeans.metadata.system.sXMLTOOLS
12:52:58.349 [pool-3-thread-2] TRACE - Finished loading type system org.apache.xmlbeans.metadata.system.sXMLTOOLS
12:52:58.350 [pool-3-thread-2] TRACE - Reading unresolved handles for type system org.apache.xmlbeans.metadata.system.sXMLSCHEMA
12:52:58.352 [pool-3-thread-2] TRACE - Finished loading type system org.apache.xmlbeans.metadata.system.sXMLSCHEMA
12:52:58.352 [pool-3-thread-2] TRACE - Reading unresolved handles for type system org.apache.xmlbeans.metadata.system.sXMLLANG
12:52:58.353 [pool-3-thread-2] TRACE - Finished loading type system org.apache.xmlbeans.metadata.system.sXMLLANG
12:52:58.353 [pool-3-thread-2] TRACE - Reading unresolved handles for type system org.apache.xmlbeans.metadata.system.sXMLCONFIG
12:52:58.353 [pool-3-thread-2] TRACE - Finished loading type system org.apache.xmlbeans.metadata.system.sXMLCONFIG
12:52:58.354 [pool-3-thread-2] TRACE - Reading unresolved handles for type system org.apache.poi.schemas.ooxml.system.ooxml
12:52:58.384 [pool-3-thread-2] TRACE - Finished loading type system org.apache.poi.schemas.ooxml.system.ooxml
12:52:58.384 [pool-3-thread-2] TRACE - Resolving type for handle themefd26doctype
12:52:58.414 [pool-3-thread-2] TRACE - Resolving type for handle stylesheet5d8bdoctype
12:52:58.417 [pool-3-thread-2] TRACE - Resolving type for handle ctstylesheet4257type
12:52:58.420 [pool-3-thread-2] TRACE - Resolving type for handle ctfonts6623type
12:52:58.421 [pool-3-thread-2] TRACE - Resolving type for handle ctfont14d8type
12:52:58.424 [pool-3-thread-2] TRACE - Resolving type for handle ctfills2c6ftype
12:52:58.425 [pool-3-thread-2] TRACE - Resolving type for handle ctfill550ctype
12:52:58.425 [pool-3-thread-2] TRACE - Resolving type for handle ctborders0d66type
12:52:58.426 [pool-3-thread-2] TRACE - Resolving type for handle ctborderf935type
12:52:58.428 [pool-3-thread-2] TRACE - Resolving type for handle ctcellxfs1322type
12:52:58.429 [pool-3-thread-2] TRACE - Resolving type for handle ctxf97f7type
12:52:58.430 [pool-3-thread-2] TRACE - Resolving type for handle ctcellstylexfsa81ftype
12:52:58.431 [pool-3-thread-2] TRACE - Resolving type for handle ctdxfsb26atype
12:52:58.432 [pool-3-thread-2] TRACE - Resolving type for handle cttablestyles872ftype
12:52:58.433 [pool-3-thread-2] TRACE - Resolving type for handle sstf81fdoctype
12:52:58.435 [pool-3-thread-2] TRACE - Resolving type for handle ctsst44f3type
12:52:58.439 [pool-3-thread-2] TRACE - Resolving type for handle ctrsta472type
12:52:58.450 [pool-3-thread-2] DEBUG - using default POIXMLDocumentPart for http://schemas.openxmlformats.org/officeDocument/2006/relationships/printerSettings
12:52:58.451 [pool-3-thread-2] TRACE - Resolving type for handle workbookec17doctype
12:52:58.453 [pool-3-thread-2] TRACE - Resolving type for handle ctworkbook83c3type
12:52:58.455 [pool-3-thread-2] TRACE - Resolving type for handle ctsheets49fdtype
12:52:58.456 [pool-3-thread-2] TRACE - Resolving type for handle ctsheet4dbetype
12:52:58.457 [pool-3-thread-2] TRACE - Resolving type for handle strelationshipid1e94type
12:52:58.458 [pool-3-thread-2] TRACE - Resolving type for handle worksheetf539doctype
12:52:58.461 [pool-3-thread-2] TRACE - Resolving type for handle ctworksheet530dtype
12:52:58.464 [pool-3-thread-2] TRACE - Resolving type for handle ctsheetdata8408type
12:52:58.465 [pool-3-thread-2] TRACE - Resolving type for handle ctrowdd39type
12:52:58.467 [pool-3-thread-2] TRACE - Resolving type for handle ctcell842btype
12:52:58.470 [pool-3-thread-2] TRACE - Resolving type for handle stcellrefe4e0type
12:52:58.474 [pool-3-thread-2] TRACE - Resolving type for handle ctcols627ctype
12:52:58.477 [pool-3-thread-2] TRACE - Resolving type for handle ctcola95ftype
12:52:58.483 [pool-3-thread-2] TRACE - Resolving type for handle cthyperlinks6416type
12:52:58.484 [pool-3-thread-2] TRACE - Resolving type for handle cthyperlink0c85type
12:52:58.487 [pool-3-thread-2] TRACE - Resolving type for handle stxstringf179type
12:52:58.488 [pool-3-thread-2] TRACE - Resolving type for handle stcelltypebf95type
12:53:00.535 [pool-3-thread-2] INFO  - Goto my account-->Click on Login.. 
12:53:00.932 [pool-3-thread-2] DEBUG - Parsing relationship: /xl/_rels/workbook.xml.rels
12:53:00.932 [pool-3-thread-2] DEBUG - Parsing relationship: /xl/worksheets/_rels/sheet1.xml.rels
12:53:00.934 [pool-3-thread-2] DEBUG - Parsing relationship: /_rels/.rels
12:53:00.942 [pool-3-thread-2] DEBUG - using default POIXMLDocumentPart for http://schemas.openxmlformats.org/officeDocument/2006/relationships/printerSettings
12:54:50.218 [pool-3-thread-1] INFO  - Goto my account-->Click on Login.. 
12:54:50.398 [pool-3-thread-1] INFO  - Entering email and password.. 
12:54:50.696 [pool-3-thread-1] INFO  - clicked on login button...
12:55:51.310 [pool-3-thread-1] INFO  - Goto my account-->Click on Login.. 
12:55:51.576 [pool-3-thread-1] INFO  - Entering email and password.. 
13:16:18.691 [main] INFO  - Goto my account-->Click on Login.. 
13:16:18.891 [main] INFO  - Entering email and password.. 
13:16:19.137 [main] INFO  - clicked on login button...
13:16:55.208 [pool-3-thread-1] INFO  - Goto my account-->Click on Login.. 
13:16:55.437 [pool-3-thread-1] INFO  - Entering email and password.. 
13:17:21.821 [pool-3-thread-1] INFO  - Goto my account-->Click on Login.. 
13:17:22.022 [pool-3-thread-1] INFO  - Entering email and password.. 
13:17:22.327 [pool-3-thread-1] INFO  - clicked on login button...
13:17:50.637 [pool-3-thread-1] INFO  - Goto my account-->Click on Login.. 
13:17:54.629 [pool-3-thread-1] INFO  - Entering email and password.. 
13:17:54.952 [pool-3-thread-1] INFO  - clicked on login button...
13:18:26.482 [pool-3-thread-1] INFO  - Goto my account-->Click on Login.. 
13:18:26.726 [pool-3-thread-1] INFO  - Entering email and password.. 
13:24:14.657 [main] INFO  - Goto my account-->Click on Login.. 
13:24:14.841 [main] INFO  - Entering email and password.. 
13:24:15.101 [main] INFO  - clicked on login button...
13:24:36.545 [pool-3-thread-1] INFO  - Goto my account-->Click on Login.. 
13:24:36.788 [pool-3-thread-1] INFO  - Entering email and password.. 
13:25:55.859 [main] INFO  - Goto my account-->Click on Login.. 
13:25:56.029 [main] INFO  - Entering email and password.. 
13:25:56.317 [main] INFO  - clicked on login button...
13:30:37.711 [main] INFO  - Goto my account-->Click on Login.. 
13:30:37.928 [main] INFO  - Entering email and password.. 
13:30:38.299 [main] INFO  - clicked on login button...
13:31:32.358 [main] INFO  - Goto my account-->Click on Login.. 
13:31:32.565 [main] INFO  - Entering email and password.. 
13:31:32.840 [main] INFO  - clicked on login button...
13:32:09.146 [main] INFO  - Goto my account-->Click on Login.. 
13:32:09.345 [main] INFO  - Entering email and password.. 
13:32:09.661 [main] INFO  - clicked on login button...
13:39:08.822 [main] INFO  - Goto my account-->Click on Login.. 
13:39:09.021 [main] INFO  - Entering email and password.. 
13:39:09.303 [main] INFO  - clicked on login button...
13:40:12.246 [main] INFO  - Goto my account-->Click on Login.. 
13:40:12.428 [main] INFO  - Entering email and password.. 
13:40:12.707 [main] INFO  - clicked on login button...
13:44:23.856 [main] INFO  - Goto my account-->Click on Login.. 
13:44:24.044 [main] INFO  - Entering email and password.. 
13:44:24.324 [main] INFO  - clicked on login button...
13:45:59.927 [main] INFO  - Goto my account-->Click on Login.. 
13:46:00.119 [main] INFO  - Entering email and password.. 
13:46:00.408 [main] INFO  - clicked on login button...
07:06:49.867 [main] INFO  - Goto my account-->Click on Login.. 
07:06:50.465 [main] INFO  - Entering email and password.. 
07:06:51.187 [main] INFO  - clicked on login button...
07:42:22.982 [main] INFO  - Goto my account-->Click on Login.. 
07:42:23.716 [main] DEBUG - Parsing relationship: /xl/_rels/workbook.xml.rels
07:42:23.717 [main] DEBUG - Parsing relationship: /xl/worksheets/_rels/sheet1.xml.rels
07:42:23.720 [main] DEBUG - Parsing relationship: /_rels/.rels
07:42:23.911 [main] TRACE - Loading type system org.apache.poi.schemas.ooxml.system.ooxml
07:42:23.913 [main] TRACE - Loading type system org.apache.xmlbeans.metadata.system.sXMLCONFIG
07:42:23.913 [main] TRACE - Loading type system org.apache.xmlbeans.metadata.system.sXMLLANG
07:42:23.914 [main] TRACE - Loading type system org.apache.xmlbeans.metadata.system.sXMLSCHEMA
07:42:23.914 [main] TRACE - Loading type system org.apache.xmlbeans.metadata.system.sXMLTOOLS
07:42:23.915 [main] TRACE - Reading unresolved handles for type system org.apache.xmlbeans.metadata.system.sXMLTOOLS
07:42:23.925 [main] TRACE - Finished loading type system org.apache.xmlbeans.metadata.system.sXMLTOOLS
07:42:23.926 [main] TRACE - Reading unresolved handles for type system org.apache.xmlbeans.metadata.system.sXMLSCHEMA
07:42:23.931 [main] TRACE - Finished loading type system org.apache.xmlbeans.metadata.system.sXMLSCHEMA
07:42:23.932 [main] TRACE - Reading unresolved handles for type system org.apache.xmlbeans.metadata.system.sXMLLANG
07:42:23.933 [main] TRACE - Finished loading type system org.apache.xmlbeans.metadata.system.sXMLLANG
07:42:23.934 [main] TRACE - Reading unresolved handles for type system org.apache.xmlbeans.metadata.system.sXMLCONFIG
07:42:23.934 [main] TRACE - Finished loading type system org.apache.xmlbeans.metadata.system.sXMLCONFIG
07:42:23.935 [main] TRACE - Reading unresolved handles for type system org.apache.poi.schemas.ooxml.system.ooxml
07:42:23.976 [main] TRACE - Finished loading type system org.apache.poi.schemas.ooxml.system.ooxml
07:42:23.977 [main] TRACE - Resolving type for handle themefd26doctype
07:42:24.047 [main] TRACE - Resolving type for handle stylesheet5d8bdoctype
07:42:24.051 [main] TRACE - Resolving type for handle ctstylesheet4257type
07:42:24.055 [main] TRACE - Resolving type for handle ctfonts6623type
07:42:24.058 [main] TRACE - Resolving type for handle ctfont14d8type
07:42:24.061 [main] TRACE - Resolving type for handle ctfills2c6ftype
07:42:24.063 [main] TRACE - Resolving type for handle ctfill550ctype
07:42:24.066 [main] TRACE - Resolving type for handle ctborders0d66type
07:42:24.069 [main] TRACE - Resolving type for handle ctborderf935type
07:42:24.073 [main] TRACE - Resolving type for handle ctcellxfs1322type
07:42:24.079 [main] TRACE - Resolving type for handle ctxf97f7type
07:42:24.082 [main] TRACE - Resolving type for handle ctcellstylexfsa81ftype
07:42:24.086 [main] TRACE - Resolving type for handle ctdxfsb26atype
07:42:24.090 [main] TRACE - Resolving type for handle cttablestyles872ftype
07:42:24.093 [main] TRACE - Resolving type for handle sstf81fdoctype
07:42:24.098 [main] TRACE - Resolving type for handle ctsst44f3type
07:42:24.105 [main] TRACE - Resolving type for handle ctrsta472type
07:42:24.119 [main] DEBUG - using default POIXMLDocumentPart for http://schemas.openxmlformats.org/officeDocument/2006/relationships/printerSettings
07:42:24.121 [main] TRACE - Resolving type for handle workbookec17doctype
07:42:24.123 [main] TRACE - Resolving type for handle ctworkbook83c3type
07:42:24.126 [main] TRACE - Resolving type for handle ctsheets49fdtype
07:42:24.129 [main] TRACE - Resolving type for handle ctsheet4dbetype
07:42:24.131 [main] TRACE - Resolving type for handle strelationshipid1e94type
07:42:24.133 [main] TRACE - Resolving type for handle worksheetf539doctype
07:42:24.135 [main] TRACE - Resolving type for handle ctworksheet530dtype
07:42:24.140 [main] TRACE - Resolving type for handle ctsheetdata8408type
07:42:24.142 [main] TRACE - Resolving type for handle ctrowdd39type
07:42:24.145 [main] TRACE - Resolving type for handle ctcell842btype
07:42:24.158 [main] TRACE - Resolving type for handle stcellrefe4e0type
07:42:24.171 [main] TRACE - Resolving type for handle ctcols627ctype
07:42:24.175 [main] TRACE - Resolving type for handle ctcola95ftype
07:42:24.189 [main] TRACE - Resolving type for handle cthyperlinks6416type
07:42:24.192 [main] TRACE - Resolving type for handle cthyperlink0c85type
07:42:24.200 [main] TRACE - Resolving type for handle stxstringf179type
07:42:24.202 [main] TRACE - Resolving type for handle stcelltypebf95type
07:42:30.317 [main] INFO  - Goto my account-->Click on Login.. 
07:42:30.890 [main] DEBUG - Parsing relationship: /xl/_rels/workbook.xml.rels
07:42:30.894 [main] DEBUG - Parsing relationship: /xl/worksheets/_rels/sheet1.xml.rels
07:42:30.897 [main] DEBUG - Parsing relationship: /_rels/.rels
07:42:30.940 [main] DEBUG - using default POIXMLDocumentPart for http://schemas.openxmlformats.org/officeDocument/2006/relationships/printerSettings
07:42:46.434 [main] INFO  - Goto my account-->Click on Login.. 
07:42:46.976 [main] DEBUG - Parsing relationship: /xl/_rels/workbook.xml.rels
07:42:46.978 [main] DEBUG - Parsing relationship: /xl/worksheets/_rels/sheet1.xml.rels
